<?xml version="1.0" encoding="UTF-8"?>
<!-- Generated by org.testng.reporters.JUnitReportReporter -->
<testsuite hostname="DESKTOP-2GP96BE" failures="0" tests="1" name="utilitie.ListenersDemo_Reports" time="11.291" errors="0" timestamp="2024-02-11T20:07:22 IST" skipped="0">
  <testcase classname="utilitie.ListenersDemo_Reports" name="LoginFailTest" time="11.291"/>
  <system-out/>
</testsuite> <!-- utilitie.ListenersDemo_Reports -->
