<?xml version="1.0" encoding="UTF-8"?>
<!-- Generated by org.testng.reporters.JUnitReportReporter -->
<testsuite hostname="DESKTOP-2GP96BE" failures="0" tests="1" name="utilitie.MyListener" time="6.798" errors="0" timestamp="2024-02-10T17:13:40 IST" skipped="0">
  <testcase classname="utilitie.MyListener" name="LoginFailTest" time="6.798"/>
  <system-out/>
</testsuite> <!-- utilitie.MyListener -->
