<?xml version="1.0" encoding="UTF-8"?>
<!-- Generated by org.testng.reporters.JUnitReportReporter -->
<testsuite hostname="DESKTOP-2GP96BE" failures="0" tests="2" name="utilitie.AmazonTest" time="8.311" errors="0" timestamp="2024-02-10T17:56:00 IST" skipped="0">
  <testcase classname="utilitie.AmazonTest" name="testSearch1" time="2.591"/>
  <system-out/>
  <testcase classname="utilitie.AmazonTest" name="testSearch2" time="5.720"/>
  <system-out/>
</testsuite> <!-- utilitie.AmazonTest -->
